[2022-01-10 07:50:26] main.INFO: 0 cron jobs were cleaned [] []
[2022-01-10 07:50:34] main.INFO: Cron Job ddg_automation_campaign is run [] []
[2022-01-10 07:50:34] main.INFO: Cron Job ddg_automation_campaign is successfully finished. Statistics: {"sum":0.065252065658569,"count":1,"realmem":0,"emalloc":449520,"realmem_start":164102144,"emalloc_start":156948880} [] []
[2022-01-10 07:50:34] main.INFO: Cron Job consumers_runner is run [] []
[2022-01-10 07:50:34] main.INFO: Cron Job ddg_automation_importer is run [] []
[2022-01-10 07:50:34] main.INFO: Cron Job ddg_automation_importer is successfully finished. Statistics: {"sum":0.012779951095581,"count":1,"realmem":0,"emalloc":613072,"realmem_start":164102144,"emalloc_start":157398704} [] []
[2022-01-10 07:50:34] main.INFO: Cron Job consumers_runner is successfully finished. Statistics: {"sum":0.15791201591492,"count":1,"realmem":0,"emalloc":192032,"realmem_start":164102144,"emalloc_start":152136392} [] []
[2022-01-10 07:50:34] main.INFO: Cron Job ddg_automation_abandonedcarts is run [] []
[2022-01-10 07:50:34] main.INFO: Cron Job ddg_automation_abandonedcarts is successfully finished. Statistics: {"sum":0.02207612991333,"count":1,"realmem":0,"emalloc":683384,"realmem_start":164102144,"emalloc_start":156947376} [] []
[2022-01-10 07:50:35] main.INFO: Cron Job yotpo_yotpo_orders_sync is run [] []
[2022-01-10 07:50:35] main.INFO: Cron Job yotpo_yotpo_orders_sync is successfully finished. Statistics: {"sum":0.18174600601196,"count":1,"realmem":0,"emalloc":480160,"realmem_start":164102144,"emalloc_start":150867288} [] []
[2022-01-10 07:50:35] main.INFO: Cron Job indexer_reindex_all_invalid is run [] []
[2022-01-10 07:50:43] main.INFO: Cron Job catalog_product_outdated_price_values_cleanup is run [] []
[2022-01-10 07:50:43] main.INFO: Cron Job catalog_product_outdated_price_values_cleanup is successfully finished. Statistics: {"sum":0.0010800361633301,"count":1,"realmem":0,"emalloc":8272,"realmem_start":164102144,"emalloc_start":151203872} [] []
[2022-01-10 07:50:43] main.INFO: Cron Job catalog_product_frontend_actions_flush is run [] []
[2022-01-10 07:50:43] main.INFO: Cron Job catalog_product_frontend_actions_flush is successfully finished. Statistics: {"sum":0.0048770904541016,"count":1,"realmem":0,"emalloc":1448,"realmem_start":164102144,"emalloc_start":151237728} [] []
[2022-01-10 07:50:43] main.INFO: Cron Job catalog_product_attribute_value_synchronize is run [] []
[2022-01-10 07:50:43] main.INFO: Cron Job catalog_product_attribute_value_synchronize is successfully finished. Statistics: {"sum":0.0024449825286865,"count":1,"realmem":0,"emalloc":21320,"realmem_start":164102144,"emalloc_start":151277320} [] []
[2022-01-10 07:50:43] main.INFO: Cron Job sales_grid_order_async_insert is run [] []
[2022-01-10 07:50:43] main.INFO: Cron Job sales_grid_order_async_insert is successfully finished. Statistics: {"sum":0.00035309791564941,"count":1,"realmem":0,"emalloc":1072,"realmem_start":164102144,"emalloc_start":151458688} [] []
[2022-01-10 07:50:43] main.INFO: Cron Job sales_grid_order_invoice_async_insert is run [] []
[2022-01-10 07:50:43] main.INFO: Cron Job sales_grid_order_invoice_async_insert is successfully finished. Statistics: {"sum":0.00030994415283203,"count":1,"realmem":0,"emalloc":1072,"realmem_start":164102144,"emalloc_start":151462768} [] []
[2022-01-10 07:50:43] main.INFO: Cron Job sales_grid_order_shipment_async_insert is run [] []
[2022-01-10 07:50:43] main.INFO: Cron Job sales_grid_order_shipment_async_insert is successfully finished. Statistics: {"sum":0.0003819465637207,"count":1,"realmem":0,"emalloc":1072,"realmem_start":164102144,"emalloc_start":151466000} [] []
[2022-01-10 07:50:43] main.INFO: Cron Job sales_grid_order_creditmemo_async_insert is run [] []
[2022-01-10 07:50:43] main.INFO: Cron Job sales_grid_order_creditmemo_async_insert is successfully finished. Statistics: {"sum":0.00033903121948242,"count":1,"realmem":0,"emalloc":1072,"realmem_start":164102144,"emalloc_start":151469360} [] []
[2022-01-10 07:50:43] main.INFO: Cron Job sales_send_order_emails is run [] []
[2022-01-10 07:50:43] main.INFO: Cron Job sales_send_order_emails is successfully finished. Statistics: {"sum":0.00036311149597168,"count":1,"realmem":0,"emalloc":1024,"realmem_start":164102144,"emalloc_start":154195544} [] []
[2022-01-10 07:50:43] main.INFO: Cron Job sales_send_order_invoice_emails is run [] []
[2022-01-10 07:50:43] main.INFO: Cron Job sales_send_order_invoice_emails is successfully finished. Statistics: {"sum":0.00051093101501465,"count":1,"realmem":0,"emalloc":1072,"realmem_start":164102144,"emalloc_start":154513480} [] []
[2022-01-10 07:50:44] main.INFO: Cron Job sales_send_order_shipment_emails is run [] []
[2022-01-10 07:50:44] main.INFO: Cron Job sales_send_order_shipment_emails is successfully finished. Statistics: {"sum":0.00040984153747559,"count":1,"realmem":0,"emalloc":1072,"realmem_start":164102144,"emalloc_start":154801552} [] []
[2022-01-10 07:50:44] main.INFO: Cron Job sales_send_order_creditmemo_emails is run [] []
[2022-01-10 07:50:44] main.INFO: Cron Job sales_send_order_creditmemo_emails is successfully finished. Statistics: {"sum":0.00036215782165527,"count":1,"realmem":0,"emalloc":1072,"realmem_start":164102144,"emalloc_start":155126392} [] []
[2022-01-10 07:50:44] main.INFO: Cron Job outdated_authentication_failures_cleanup is run [] []
[2022-01-10 07:50:44] main.INFO: Cron Job outdated_authentication_failures_cleanup is successfully finished. Statistics: {"sum":0.0028948783874512,"count":1,"realmem":0,"emalloc":1448,"realmem_start":164102144,"emalloc_start":155145928} [] []
[2022-01-10 07:50:44] main.INFO: Cron Job captcha_delete_expired_images is run [] []
[2022-01-10 07:50:44] main.INFO: Cron Job captcha_delete_expired_images is successfully finished. Statistics: {"sum":0.048465967178345,"count":1,"realmem":0,"emalloc":633384,"realmem_start":164102144,"emalloc_start":155178256} [] []
[2022-01-10 07:50:44] main.INFO: Cron Job inventory_in_store_pickup_sales_send_order_notified_emails is run [] []
[2022-01-10 07:50:44] main.INFO: Cron Job inventory_in_store_pickup_sales_send_order_notified_emails is successfully finished. Statistics: {"sum":0.0003349781036377,"count":1,"realmem":0,"emalloc":1072,"realmem_start":164102144,"emalloc_start":155931456} [] []
[2022-01-10 07:50:44] main.INFO: Cron Job magento_newrelicreporting_cron is run [] []
[2022-01-10 07:50:44] main.INFO: Cron Job magento_newrelicreporting_cron is successfully finished. Statistics: {"sum":0.00034499168395996,"count":1,"realmem":0,"emalloc":1008,"realmem_start":164102144,"emalloc_start":157002184} [] []
[2022-01-10 07:50:44] main.INFO: Cron Job newsletter_send_all is run [] []
[2022-01-10 07:50:44] main.INFO: Cron Job newsletter_send_all is successfully finished. Statistics: {"sum":0.051440954208374,"count":1,"realmem":0,"emalloc":395616,"realmem_start":164102144,"emalloc_start":157009768} [] []
[2022-01-10 07:50:45] main.INFO: Cron Job bulk_cleanup is run [] []
[2022-01-10 07:50:45] main.INFO: Cron Job bulk_cleanup is successfully finished. Statistics: {"sum":0.0025761127471924,"count":1,"realmem":0,"emalloc":2360,"realmem_start":164102144,"emalloc_start":157410504} [] []
[2022-01-10 07:50:45] main.INFO: Cron Job get_amazon_capture_updates is run [] []
[2022-01-10 07:50:45] main.INFO: Cron Job get_amazon_capture_updates is successfully finished. Statistics: {"sum":0.013822078704834,"count":1,"realmem":0,"emalloc":130592,"realmem_start":164102144,"emalloc_start":157994072} [] []
[2022-01-10 07:50:45] main.INFO: Cron Job get_amazon_authorization_updates is run [] []
[2022-01-10 07:50:45] main.INFO: Cron Job get_amazon_authorization_updates is successfully finished. Statistics: {"sum":0.0097041130065918,"count":1,"realmem":0,"emalloc":137112,"realmem_start":164102144,"emalloc_start":160538432} [] []
[2022-01-10 07:50:45] main.INFO: Cron Job amazon_payments_process_queued_refunds is run [] []
[2022-01-10 07:50:45] main.INFO: Cron Job amazon_payments_process_queued_refunds is successfully finished. Statistics: {"sum":0.0072000026702881,"count":1,"realmem":0,"emalloc":129600,"realmem_start":164102144,"emalloc_start":160686080} [] []
[2022-01-10 07:50:47] main.INFO: Cron Job indexer_reindex_all_invalid is successfully finished. Statistics: {"sum":11.729590892792,"count":1,"realmem":4194304,"emalloc":15305984,"realmem_start":164102144,"emalloc_start":150515096} [] []
[2022-01-10 07:50:47] main.INFO: Cron Job indexer_update_all_views is run [] []
[2022-01-10 07:50:47] main.INFO: Cron Job indexer_update_all_views is successfully finished. Statistics: {"sum":0.009199857711792,"count":1,"realmem":0,"emalloc":25768,"realmem_start":168296448,"emalloc_start":165822984} [] []
[2022-01-22 04:27:33] main.INFO: 0 cron jobs were cleaned [] []
[2022-01-22 04:27:33] main.INFO: 300 cron jobs were cleaned [] []
[2022-01-22 04:27:47] main.INFO: 20 cron jobs were cleaned [] []
[2022-01-22 04:27:47] main.INFO: 8 cron jobs were cleaned [] []
[2022-01-22 04:27:48] main.INFO: Cron Job indexer_reindex_all_invalid is run [] []
[2022-01-22 04:27:48] main.INFO: Cron Job indexer_reindex_all_invalid is successfully finished. Statistics: {"sum":0.060379028320312,"count":1,"realmem":0,"emalloc":375728,"realmem_start":164102144,"emalloc_start":150530584} [] []
[2022-01-22 04:27:49] main.INFO: Cron Job indexer_update_all_views is run [] []
[2022-01-22 04:27:49] main.INFO: 1 cron jobs were cleaned [] []
[2022-01-22 04:27:49] main.INFO: Cron Job indexer_update_all_views is successfully finished. Statistics: {"sum":0.049416065216064,"count":1,"realmem":0,"emalloc":110976,"realmem_start":164102144,"emalloc_start":150908168} [] []
[2022-01-22 04:27:49] main.INFO: 4 cron jobs were cleaned [] []
[2022-01-22 04:27:49] main.INFO: 2 cron jobs were cleaned [] []
[2022-01-22 04:27:49] main.INFO: Cron Job yotpo_yotpo_orders_sync is run [] []
[2022-01-22 04:27:49] main.INFO: Cron Job consumers_runner is run [] []
[2022-01-22 04:27:49] main.INFO: Cron Job yotpo_yotpo_orders_sync is successfully finished. Statistics: {"sum":0.25755405426025,"count":1,"realmem":0,"emalloc":479864,"realmem_start":164102144,"emalloc_start":150882776} [] []
[2022-01-22 04:27:49] main.INFO: Cron Job consumers_runner is successfully finished. Statistics: {"sum":0.17662882804871,"count":1,"realmem":0,"emalloc":190984,"realmem_start":164102144,"emalloc_start":152154544} [] []
[2022-01-22 04:27:51] main.INFO: Cron Job catalog_product_outdated_price_values_cleanup is run [] []
[2022-01-22 04:27:51] main.INFO: Cron Job catalog_product_outdated_price_values_cleanup is successfully finished. Statistics: {"sum":0.001121997833252,"count":1,"realmem":0,"emalloc":8272,"realmem_start":164102144,"emalloc_start":151208528} [] []
[2022-01-22 04:27:51] main.INFO: Cron Job catalog_product_frontend_actions_flush is run [] []
[2022-01-22 04:27:51] main.INFO: Cron Job catalog_product_frontend_actions_flush is successfully finished. Statistics: {"sum":0.023405075073242,"count":1,"realmem":0,"emalloc":1448,"realmem_start":164102144,"emalloc_start":151242384} [] []
[2022-01-22 04:27:51] main.INFO: Cron Job sales_grid_order_async_insert is run [] []
[2022-01-22 04:27:51] main.INFO: Cron Job sales_grid_order_async_insert is successfully finished. Statistics: {"sum":0.00035381317138672,"count":1,"realmem":0,"emalloc":1072,"realmem_start":164102144,"emalloc_start":151338320} [] []
[2022-01-22 04:27:51] main.INFO: Cron Job sales_grid_order_invoice_async_insert is run [] []
[2022-01-22 04:27:51] main.INFO: Cron Job sales_grid_order_invoice_async_insert is successfully finished. Statistics: {"sum":0.00028800964355469,"count":1,"realmem":0,"emalloc":1072,"realmem_start":164102144,"emalloc_start":151342400} [] []
[2022-01-22 04:27:52] main.INFO: Cron Job sales_grid_order_shipment_async_insert is run [] []
[2022-01-22 04:27:52] main.INFO: Cron Job sales_grid_order_shipment_async_insert is successfully finished. Statistics: {"sum":0.00040078163146973,"count":1,"realmem":0,"emalloc":1072,"realmem_start":164102144,"emalloc_start":151345632} [] []
[2022-01-22 04:27:52] main.INFO: Cron Job sales_grid_order_creditmemo_async_insert is run [] []
[2022-01-22 04:27:52] main.INFO: Cron Job sales_grid_order_creditmemo_async_insert is successfully finished. Statistics: {"sum":0.00030612945556641,"count":1,"realmem":0,"emalloc":1072,"realmem_start":164102144,"emalloc_start":151348992} [] []
[2022-01-22 04:27:52] main.INFO: Cron Job sales_send_order_emails is run [] []
[2022-01-22 04:27:52] main.INFO: Cron Job sales_send_order_emails is successfully finished. Statistics: {"sum":0.00022101402282715,"count":1,"realmem":0,"emalloc":1024,"realmem_start":164102144,"emalloc_start":154140712} [] []
[2022-01-22 04:27:52] main.INFO: Cron Job sales_send_order_invoice_emails is run [] []
[2022-01-22 04:27:52] main.INFO: Cron Job sales_send_order_invoice_emails is successfully finished. Statistics: {"sum":0.00020885467529297,"count":1,"realmem":0,"emalloc":1072,"realmem_start":164102144,"emalloc_start":154458648} [] []
[2022-01-22 04:27:52] main.INFO: Cron Job sales_send_order_shipment_emails is run [] []
[2022-01-22 04:27:52] main.INFO: Cron Job sales_send_order_shipment_emails is successfully finished. Statistics: {"sum":0.00034713745117188,"count":1,"realmem":0,"emalloc":1072,"realmem_start":164102144,"emalloc_start":154746400} [] []
[2022-01-22 04:27:52] main.INFO: Cron Job sales_send_order_creditmemo_emails is run [] []
[2022-01-22 04:27:52] main.INFO: Cron Job sales_send_order_creditmemo_emails is successfully finished. Statistics: {"sum":0.00020790100097656,"count":1,"realmem":0,"emalloc":1072,"realmem_start":164102144,"emalloc_start":155071560} [] []
[2022-01-22 04:27:52] main.INFO: Cron Job outdated_authentication_failures_cleanup is run [] []
[2022-01-22 04:27:52] main.INFO: Cron Job outdated_authentication_failures_cleanup is successfully finished. Statistics: {"sum":0.011389017105103,"count":1,"realmem":0,"emalloc":1448,"realmem_start":164102144,"emalloc_start":155091096} [] []
[2022-01-22 04:27:52] main.INFO: Cron Job inventory_in_store_pickup_sales_send_order_notified_emails is run [] []
[2022-01-22 04:27:52] main.INFO: Cron Job inventory_in_store_pickup_sales_send_order_notified_emails is successfully finished. Statistics: {"sum":0.00025677680969238,"count":1,"realmem":0,"emalloc":1072,"realmem_start":164102144,"emalloc_start":155146896} [] []
[2022-01-22 04:27:52] main.INFO: Cron Job bulk_cleanup is run [] []
[2022-01-22 04:27:52] main.INFO: Cron Job bulk_cleanup is successfully finished. Statistics: {"sum":0.0055217742919922,"count":1,"realmem":0,"emalloc":2360,"realmem_start":164102144,"emalloc_start":155152928} [] []
